0 info it worked if it ends with ok
1 verbose cli [ '/usr/local/bin/node', '/usr/local/bin/npm', 'install', '-g' ]
2 info using npm@1.4.28
3 info using node@v0.10.33
4 verbose cache add [ '.', null ]
5 verbose cache add name=undefined spec="." args=[".",null]
6 verbose parsed url { protocol: null,
6 verbose parsed url   slashes: null,
6 verbose parsed url   auth: null,
6 verbose parsed url   host: null,
6 verbose parsed url   port: null,
6 verbose parsed url   hostname: null,
6 verbose parsed url   hash: null,
6 verbose parsed url   search: null,
6 verbose parsed url   query: null,
6 verbose parsed url   pathname: '.',
6 verbose parsed url   path: '.',
6 verbose parsed url   href: '.' }
7 silly lockFile 3a52ce78- .
8 verbose lock . /home/jose/.npm/3a52ce78-.lock
9 verbose tar pack [ '/home/jose/.npm/etherpad-load-test/0.0.1/package.tgz', '.' ]
10 verbose tarball /home/jose/.npm/etherpad-load-test/0.0.1/package.tgz
11 verbose folder .
12 info prepublish etherpad-load-test@0.0.1
13 silly lockFile 1f1177db-tar tar://.
14 verbose lock tar://. /home/jose/.npm/1f1177db-tar.lock
15 silly lockFile db99e856-rpad-load-test-0-0-1-package-tgz tar:///home/jose/.npm/etherpad-load-test/0.0.1/package.tgz
16 verbose lock tar:///home/jose/.npm/etherpad-load-test/0.0.1/package.tgz /home/jose/.npm/db99e856-rpad-load-test-0-0-1-package-tgz.lock
17 silly lockFile 1f1177db-tar tar://.
18 silly lockFile 1f1177db-tar tar://.
19 silly lockFile db99e856-rpad-load-test-0-0-1-package-tgz tar:///home/jose/.npm/etherpad-load-test/0.0.1/package.tgz
20 silly lockFile db99e856-rpad-load-test-0-0-1-package-tgz tar:///home/jose/.npm/etherpad-load-test/0.0.1/package.tgz
21 silly lockFile ff83cb9c-etherpad-load-test-0-0-1-package /home/jose/.npm/etherpad-load-test/0.0.1/package
22 verbose lock /home/jose/.npm/etherpad-load-test/0.0.1/package /home/jose/.npm/ff83cb9c-etherpad-load-test-0-0-1-package.lock
23 silly lockFile ff83cb9c-etherpad-load-test-0-0-1-package /home/jose/.npm/etherpad-load-test/0.0.1/package
24 silly lockFile ff83cb9c-etherpad-load-test-0-0-1-package /home/jose/.npm/etherpad-load-test/0.0.1/package
25 silly lockFile 3a52ce78- .
26 silly lockFile 3a52ce78- .
27 silly resolved [ { name: 'etherpad-load-test',
27 silly resolved     description: 'Client to Load Test an Etherpad Instance',
27 silly resolved     version: '0.0.1',
27 silly resolved     author:
27 silly resolved      { name: 'John McLear',
27 silly resolved        email: 'john@mclear.co.uk',
27 silly resolved        url: 'http://mclear.co.uk' },
27 silly resolved     contributors: [],
27 silly resolved     dependencies:
27 silly resolved      { 'etherpad-cli-client': '*',
27 silly resolved        async: '*',
27 silly resolved        measured: '*',
27 silly resolved        argv: '*' },
27 silly resolved     engines: { node: '*' },
27 silly resolved     repository:
27 silly resolved      { type: 'git',
27 silly resolved        url: 'https://github.com/ether/etherpad-load-test.git' },
27 silly resolved     bin: { etherpad: 'app.js' },
27 silly resolved     readme: '## Basic Load Test Example\n``etherpad-loadtest``\n\n## Specify the Etherpad instance\n``etherpad-loadtest http://127.0.0.1:9001``\n\n## Test Specific Etherpad Instance for 60 seconds\n``etherpad-loadtest http://127.0.0.1:9001 -d 60``\n\n## Test a specific Pad\n``etherpad-loadtest http://127.0.0.1:9001/p/test``\n\n## 50 Lurkers, 10 authors, 10 pads (so 600 connections in total)\n``etherpad-loadtest http://127.0.0.1:9001 -l 50 -a 10 -p 10``\nNote ``-p`` Will create 10 random pads and assign -l and -a to each.  ``-p`` Cannot be used with an explicity pad ergo -p 1 is pointless\n\n## Parameters\n``-l`` number of lurkers.\n\n``-a`` number of active authors.\n\n``-p`` number of pads to test against.\n\n``-d`` duration in seconds to test for.  Default is unlimited.\n\n\nBasic load test will increase # of lurkers and authors every second until changesets are stopped processing\nAt this point the # of lurkers and authors tells the admin how many people could use\ntheir instance\n',
27 silly resolved     readmeFilename: 'README.md',
27 silly resolved     gitHead: '18c89d7042e768892008cc32d61f1f62e48d979c',
27 silly resolved     bugs: { url: 'https://github.com/ether/etherpad-load-test/issues' },
27 silly resolved     homepage: 'https://github.com/ether/etherpad-load-test',
27 silly resolved     _id: 'etherpad-load-test@0.0.1',
27 silly resolved     scripts: {},
27 silly resolved     _shasum: '6e8242117ae7783e76934237763628ed219a4a7e',
27 silly resolved     _from: '.' } ]
28 info install etherpad-load-test@0.0.1 into /usr/local/lib
29 info installOne etherpad-load-test@0.0.1
30 verbose lib/node_modules/etherpad-load-test unbuild
31 verbose tar unpack /home/jose/.npm/etherpad-load-test/0.0.1/package.tgz
32 silly lockFile 4eb8d075--node-modules-etherpad-load-test tar:///usr/local/lib/node_modules/etherpad-load-test
33 verbose lock tar:///usr/local/lib/node_modules/etherpad-load-test /home/jose/.npm/4eb8d075--node-modules-etherpad-load-test.lock
34 silly lockFile db99e856-rpad-load-test-0-0-1-package-tgz tar:///home/jose/.npm/etherpad-load-test/0.0.1/package.tgz
35 verbose lock tar:///home/jose/.npm/etherpad-load-test/0.0.1/package.tgz /home/jose/.npm/db99e856-rpad-load-test-0-0-1-package-tgz.lock
36 silly gunzTarPerm modes [ '775', '664' ]
37 error Error: EACCES, mkdir '/usr/local/lib/node_modules/etherpad-load-test'
37 error  { [Error: EACCES, mkdir '/usr/local/lib/node_modules/etherpad-load-test']
37 error   errno: 3,
37 error   code: 'EACCES',
37 error   path: '/usr/local/lib/node_modules/etherpad-load-test',
37 error   fstream_type: 'Directory',
37 error   fstream_path: '/usr/local/lib/node_modules/etherpad-load-test',
37 error   fstream_class: 'DirWriter',
37 error   fstream_stack:
37 error    [ '/usr/local/lib/node_modules/npm/node_modules/fstream/lib/dir-writer.js:36:23',
37 error      '/usr/local/lib/node_modules/npm/node_modules/mkdirp/index.js:46:53',
37 error      'Object.oncomplete (fs.js:107:15)' ] }
38 error Please try running this command again as root/Administrator.
39 error System Linux 3.13.0-45-generic
40 error command "/usr/local/bin/node" "/usr/local/bin/npm" "install" "-g"
41 error cwd /home/jose/etherpad-load-test
42 error node -v v0.10.33
43 error npm -v 1.4.28
44 error path /usr/local/lib/node_modules/etherpad-load-test
45 error fstream_path /usr/local/lib/node_modules/etherpad-load-test
46 error fstream_type Directory
47 error fstream_class DirWriter
48 error code EACCES
49 error errno 3
50 error stack Error: EACCES, mkdir '/usr/local/lib/node_modules/etherpad-load-test'
51 error fstream_stack /usr/local/lib/node_modules/npm/node_modules/fstream/lib/dir-writer.js:36:23
51 error fstream_stack /usr/local/lib/node_modules/npm/node_modules/mkdirp/index.js:46:53
51 error fstream_stack Object.oncomplete (fs.js:107:15)
52 verbose exit [ 3, true ]
